<?xml version="1.0" encoding="UTF-8"?>
<testsuite name="net.nemerosa.ontrack.gitlab.pipeline.GitlabPipelineApplicationTests" tests="1" skipped="0" failures="0" errors="0" timestamp="2023-11-06T14:59:08" hostname="Damiens-MacBook-Pro.local" time="0.148">
  <properties/>
  <testcase name="contextLoads()" classname="net.nemerosa.ontrack.gitlab.pipeline.GitlabPipelineApplicationTests" time="0.148"/>
  <system-out><![CDATA[15:59:02.552 [Test worker] DEBUG org.springframework.test.context.BootstrapUtils - Instantiating CacheAwareContextLoaderDelegate from class [org.springframework.test.context.cache.DefaultCacheAwareContextLoaderDelegate]
15:59:02.556 [Test worker] DEBUG org.springframework.test.context.BootstrapUtils - Instantiating BootstrapContext using constructor [public org.springframework.test.context.support.DefaultBootstrapContext(java.lang.Class,org.springframework.test.context.CacheAwareContextLoaderDelegate)]
15:59:02.570 [Test worker] DEBUG org.springframework.test.context.BootstrapUtils - Instantiating TestContextBootstrapper for test class [net.nemerosa.ontrack.gitlab.pipeline.GitlabPipelineApplicationTests] from class [org.springframework.boot.test.context.SpringBootTestContextBootstrapper]
15:59:02.575 [Test worker] INFO org.springframework.boot.test.context.SpringBootTestContextBootstrapper - Neither @ContextConfiguration nor @ContextHierarchy found for test class [net.nemerosa.ontrack.gitlab.pipeline.GitlabPipelineApplicationTests], using SpringBootContextLoader
15:59:02.576 [Test worker] DEBUG org.springframework.test.context.support.AbstractContextLoader - Did not detect default resource location for test class [net.nemerosa.ontrack.gitlab.pipeline.GitlabPipelineApplicationTests]: class path resource [net/nemerosa/ontrack/gitlab/pipeline/GitlabPipelineApplicationTests-context.xml] does not exist
15:59:02.577 [Test worker] DEBUG org.springframework.test.context.support.AbstractContextLoader - Did not detect default resource location for test class [net.nemerosa.ontrack.gitlab.pipeline.GitlabPipelineApplicationTests]: class path resource [net/nemerosa/ontrack/gitlab/pipeline/GitlabPipelineApplicationTestsContext.groovy] does not exist
15:59:02.577 [Test worker] INFO org.springframework.test.context.support.AbstractContextLoader - Could not detect default resource locations for test class [net.nemerosa.ontrack.gitlab.pipeline.GitlabPipelineApplicationTests]: no resource found for suffixes {-context.xml, Context.groovy}.
15:59:02.577 [Test worker] INFO org.springframework.test.context.support.AnnotationConfigContextLoaderUtils - Could not detect default configuration classes for test class [net.nemerosa.ontrack.gitlab.pipeline.GitlabPipelineApplicationTests]: GitlabPipelineApplicationTests does not declare any static, non-private, non-final, nested classes annotated with @Configuration.
15:59:02.590 [Test worker] DEBUG org.springframework.test.context.support.ActiveProfilesUtils - Could not find an 'annotation declaring class' for annotation type [org.springframework.test.context.ActiveProfiles] and class [net.nemerosa.ontrack.gitlab.pipeline.GitlabPipelineApplicationTests]
15:59:02.610 [Test worker] DEBUG org.springframework.context.annotation.ClassPathScanningCandidateComponentProvider - Identified candidate component class: file [/Users/damien/Documents/workspaces/nemerosa/gitlab/ontrack-gitlab-pipeline-test/build/classes/kotlin/main/net/nemerosa/ontrack/gitlab/pipeline/GitlabPipelineApplication.class]
15:59:02.611 [Test worker] INFO org.springframework.boot.test.context.SpringBootTestContextBootstrapper - Found @SpringBootConfiguration net.nemerosa.ontrack.gitlab.pipeline.GitlabPipelineApplication for test class net.nemerosa.ontrack.gitlab.pipeline.GitlabPipelineApplicationTests
15:59:02.643 [Test worker] DEBUG org.springframework.boot.test.context.SpringBootTestContextBootstrapper - @TestExecutionListeners is not present for class [net.nemerosa.ontrack.gitlab.pipeline.GitlabPipelineApplicationTests]: using defaults.
15:59:02.643 [Test worker] INFO org.springframework.boot.test.context.SpringBootTestContextBootstrapper - Loaded default TestExecutionListener class names from location [META-INF/spring.factories]: [org.springframework.boot.test.autoconfigure.restdocs.RestDocsTestExecutionListener, org.springframework.boot.test.autoconfigure.web.client.MockRestServiceServerResetTestExecutionListener, org.springframework.boot.test.autoconfigure.web.servlet.MockMvcPrintOnlyOnFailureTestExecutionListener, org.springframework.boot.test.autoconfigure.web.servlet.WebDriverTestExecutionListener, org.springframework.boot.test.autoconfigure.webservices.client.MockWebServiceServerTestExecutionListener, org.springframework.boot.test.mock.mockito.MockitoTestExecutionListener, org.springframework.boot.test.mock.mockito.ResetMocksTestExecutionListener, org.springframework.test.context.web.ServletTestExecutionListener, org.springframework.test.context.support.DirtiesContextBeforeModesTestExecutionListener, org.springframework.test.context.event.ApplicationEventsTestExecutionListener, org.springframework.test.context.support.DependencyInjectionTestExecutionListener, org.springframework.test.context.support.DirtiesContextTestExecutionListener, org.springframework.test.context.transaction.TransactionalTestExecutionListener, org.springframework.test.context.jdbc.SqlScriptsTestExecutionListener, org.springframework.test.context.event.EventPublishingTestExecutionListener]
15:59:02.647 [Test worker] DEBUG org.springframework.boot.test.context.SpringBootTestContextBootstrapper - Skipping candidate TestExecutionListener [org.springframework.test.context.transaction.TransactionalTestExecutionListener] due to a missing dependency. Specify custom listener classes or make the default listener classes and their required dependencies available. Offending class: [org/springframework/transaction/interceptor/TransactionAttributeSource]
15:59:02.647 [Test worker] DEBUG org.springframework.boot.test.context.SpringBootTestContextBootstrapper - Skipping candidate TestExecutionListener [org.springframework.test.context.jdbc.SqlScriptsTestExecutionListener] due to a missing dependency. Specify custom listener classes or make the default listener classes and their required dependencies available. Offending class: [org/springframework/transaction/interceptor/TransactionAttribute]
15:59:02.647 [Test worker] INFO org.springframework.boot.test.context.SpringBootTestContextBootstrapper - Using TestExecutionListeners: [org.springframework.test.context.web.ServletTestExecutionListener@1252b961, org.springframework.test.context.support.DirtiesContextBeforeModesTestExecutionListener@9ed238c, org.springframework.test.context.event.ApplicationEventsTestExecutionListener@56276db8, org.springframework.boot.test.mock.mockito.MockitoTestExecutionListener@51e8e6e6, org.springframework.boot.test.autoconfigure.SpringBootDependencyInjectionTestExecutionListener@56f6d40b, org.springframework.test.context.support.DirtiesContextTestExecutionListener@36676c1a, org.springframework.test.context.event.EventPublishingTestExecutionListener@5b408dc3, org.springframework.boot.test.autoconfigure.restdocs.RestDocsTestExecutionListener@4d098f9b, org.springframework.boot.test.autoconfigure.web.client.MockRestServiceServerResetTestExecutionListener@2dbf4cbd, org.springframework.boot.test.autoconfigure.web.servlet.MockMvcPrintOnlyOnFailureTestExecutionListener@20b5f2ac, org.springframework.boot.test.autoconfigure.web.servlet.WebDriverTestExecutionListener@7fc44dec, org.springframework.boot.test.autoconfigure.webservices.client.MockWebServiceServerTestExecutionListener@7e3060d8, org.springframework.boot.test.mock.mockito.ResetMocksTestExecutionListener@293d0107]
15:59:02.648 [Test worker] DEBUG org.springframework.test.context.support.AbstractDirtiesContextTestExecutionListener - Before test class: context [DefaultTestContext@350ec41e testClass = GitlabPipelineApplicationTests, testInstance = [null], testMethod = [null], testException = [null], mergedContextConfiguration = [WebMergedContextConfiguration@69637b10 testClass = GitlabPipelineApplicationTests, locations = '{}', classes = '{class net.nemerosa.ontrack.gitlab.pipeline.GitlabPipelineApplication}', contextInitializerClasses = '[]', activeProfiles = '{}', propertySourceLocations = '{}', propertySourceProperties = '{org.springframework.boot.test.context.SpringBootTestContextBootstrapper=true}', contextCustomizers = set[org.springframework.boot.test.autoconfigure.actuate.metrics.MetricsExportContextCustomizerFactory$DisableMetricExportContextCustomizer@49ff7d8c, org.springframework.boot.test.autoconfigure.properties.PropertyMappingContextCustomizer@0, org.springframework.boot.test.autoconfigure.web.servlet.WebDriverContextCustomizerFactory$Customizer@3ad2e17, org.springframework.boot.test.context.filter.ExcludeFilterContextCustomizer@1608bcbd, org.springframework.boot.test.json.DuplicateJsonObjectContextCustomizerFactory$DuplicateJsonObjectContextCustomizer@4426bff1, org.springframework.boot.test.mock.mockito.MockitoContextCustomizer@0, org.springframework.boot.test.web.client.TestRestTemplateContextCustomizer@335b5620, org.springframework.boot.test.context.SpringBootTestArgs@1, org.springframework.boot.test.context.SpringBootTestWebEnvironment@4e268090], resourceBasePath = 'src/main/webapp', contextLoader = 'org.springframework.boot.test.context.SpringBootContextLoader', parent = [null]], attributes = map['org.springframework.test.context.web.ServletTestExecutionListener.activateListener' -> true]], class annotated with @DirtiesContext [false] with mode [null].

  .   ____          _            __ _ _
 /\\ / ___'_ __ _ _(_)_ __  __ _ \ \ \ \
( ( )\___ | '_ | '_| | '_ \/ _` | \ \ \ \
 \\/  ___)| |_)| | | | | || (_| |  ) ) ) )
  '  |____| .__|_| |_|_| |_\__, | / / / /
 =========|_|==============|___/=/_/_/_/
 :: Spring Boot ::               (v2.7.17)

2023-11-06 15:59:07.791  INFO 51222 --- [    Test worker] n.n.o.g.p.GitlabPipelineApplicationTests : Starting GitlabPipelineApplicationTests using Java 17.0.7 on Damiens-MacBook-Pro.local with PID 51222 (started by damien in /Users/damien/Documents/workspaces/nemerosa/gitlab/ontrack-gitlab-pipeline-test)
2023-11-06 15:59:07.791  INFO 51222 --- [    Test worker] n.n.o.g.p.GitlabPipelineApplicationTests : No active profile set, falling back to 1 default profile: "default"
2023-11-06 15:59:08.235  INFO 51222 --- [    Test worker] n.n.o.g.p.GitlabPipelineApplicationTests : Started GitlabPipelineApplicationTests in 5.576 seconds (JVM running for 5.981)
]]></system-out>
  <system-err><![CDATA[]]></system-err>
</testsuite>
